Arguments: 
  /Users/archieshih/.nvs/node/16.14.0/x64/bin/node /usr/local/Cellar/yarn/1.22.19/libexec/bin/yarn.js add @opentelemetry/exporter-metrics

PATH: 
  /Users/archieshih/.nvs/default/bin:/Users/archieshih/Project/awsops/:/Users/archieshih/.orbstack/bin:/Library/Frameworks/Python.framework/Versions/2.7/bin:/usr/local/bin:/System/Cryptexes/App/usr/bin:/usr/bin:/bin:/usr/sbin:/sbin:/Users/archieshih/.nvs/default/bin:/Users/archieshih/Project/awsops/:/Users/archieshih/.orbstack/bin:/Library/Frameworks/Python.framework/Versions/2.7/bin:/usr/local/opt/fzf/bin

Yarn version: 
  1.22.19

Node version: 
  16.14.0

Platform: 
  darwin x64

Trace: 
  Error: https://registry.yarnpkg.com/@opentelemetry%2fexporter-metrics: Not found
      at Request.params.callback [as _callback] (/usr/local/Cellar/yarn/1.22.19/libexec/lib/cli.js:66145:18)
      at Request.self.callback (/usr/local/Cellar/yarn/1.22.19/libexec/lib/cli.js:140890:22)
      at Request.emit (node:events:520:28)
      at Request.<anonymous> (/usr/local/Cellar/yarn/1.22.19/libexec/lib/cli.js:141862:10)
      at Request.emit (node:events:520:28)
      at IncomingMessage.<anonymous> (/usr/local/Cellar/yarn/1.22.19/libexec/lib/cli.js:141784:12)
      at Object.onceWrapper (node:events:639:28)
      at IncomingMessage.emit (node:events:532:35)
      at endReadableNT (node:internal/streams/readable:1346:12)
      at processTicksAndRejections (node:internal/process/task_queues:83:21)

npm manifest: 
  {
    "name": "otel_playground",
    "version": "1.0.0",
    "main": "index.js",
    "license": "MIT",
    "dependencies": {
      "@opentelemetry/api": "^1.4.1",
      "@opentelemetry/exporter-prometheus": "^0.41.2",
      "@opentelemetry/sdk-metrics-base": "^0.31.0"
    }
  }

yarn manifest: 
  No manifest

Lockfile: 
  # THIS IS AN AUTOGENERATED FILE. DO NOT EDIT THIS FILE DIRECTLY.
  # yarn lockfile v1
  
  
  "@opentelemetry/api-metrics@0.31.0":
    version "0.31.0"
    resolved "https://registry.yarnpkg.com/@opentelemetry/api-metrics/-/api-metrics-0.31.0.tgz#0ed4cf4d7c731f968721c2b303eaf5e9fd42f736"
    integrity sha512-PcL1x0kZtMie7NsNy67OyMvzLEXqf3xd0TZJKHHPMGTe89oMpNVrD1zJB1kZcwXOxLlHHb6tz21G3vvXPdXyZg==
    dependencies:
      "@opentelemetry/api" "^1.0.0"
  
  "@opentelemetry/api@^1.0.0", "@opentelemetry/api@^1.4.1":
    version "1.4.1"
    resolved "https://registry.yarnpkg.com/@opentelemetry/api/-/api-1.4.1.tgz#ff22eb2e5d476fbc2450a196e40dd243cc20c28f"
    integrity sha512-O2yRJce1GOc6PAy3QxFM4NzFiWzvScDC1/5ihYBL6BUEVdq0XMWN01sppE+H6bBXbaFYipjwFLEWLg5PaSOThA==
  
  "@opentelemetry/core@1.15.2":
    version "1.15.2"
    resolved "https://registry.yarnpkg.com/@opentelemetry/core/-/core-1.15.2.tgz#5b170bf223a2333884bbc2d29d95812cdbda7c9f"
    integrity sha512-+gBv15ta96WqkHZaPpcDHiaz0utiiHZVfm2YOYSqFGrUaJpPkMoSuLBB58YFQGi6Rsb9EHos84X6X5+9JspmLw==
    dependencies:
      "@opentelemetry/semantic-conventions" "1.15.2"
  
  "@opentelemetry/core@1.5.0":
    version "1.5.0"
    resolved "https://registry.yarnpkg.com/@opentelemetry/core/-/core-1.5.0.tgz#717bceee15d4c69d4c7321c1fe0f5a562b60eb81"
    integrity sha512-B3DIMkQN0DANrr7XrMLS4pR6d2o/jqT09x4nZJz6wSJ9SHr4eQIqeFBNeEUQG1I+AuOcH2UbJtgFm7fKxLqd+w==
    dependencies:
      "@opentelemetry/semantic-conventions" "1.5.0"
  
  "@opentelemetry/exporter-prometheus@^0.41.2":
    version "0.41.2"
    resolved "https://registry.yarnpkg.com/@opentelemetry/exporter-prometheus/-/exporter-prometheus-0.41.2.tgz#c4ebef316e384024244025c86fcddc3e13c7c630"
    integrity sha512-ie4lOLkB+Z/qyJVrSLMgvFekajpAZmpqVLhtU1SANb5yVEKhq3e6HuEQi6ysb6u8Ltcimn9mtE9NIP+05PFUag==
    dependencies:
      "@opentelemetry/core" "1.15.2"
      "@opentelemetry/resources" "1.15.2"
      "@opentelemetry/sdk-metrics" "1.15.2"
  
  "@opentelemetry/resources@1.15.2":
    version "1.15.2"
    resolved "https://registry.yarnpkg.com/@opentelemetry/resources/-/resources-1.15.2.tgz#0c9e26cb65652a1402834a3c030cce6028d6dd9d"
    integrity sha512-xmMRLenT9CXmm5HMbzpZ1hWhaUowQf8UB4jMjFlAxx1QzQcsD3KFNAVX/CAWzFPtllTyTplrA4JrQ7sCH3qmYw==
    dependencies:
      "@opentelemetry/core" "1.15.2"
      "@opentelemetry/semantic-conventions" "1.15.2"
  
  "@opentelemetry/resources@1.5.0":
    version "1.5.0"
    resolved "https://registry.yarnpkg.com/@opentelemetry/resources/-/resources-1.5.0.tgz#ce7fbdaec3494e41bc279ddbed3c478ee2570b03"
    integrity sha512-YeEfC6IY54U3xL3P2+UAiom+r50ZF2jM0J47RV5uTFGF19Xjd5zazSwDPgmxtAd6DwLX0/5S5iqrsH4nEXMYoA==
    dependencies:
      "@opentelemetry/core" "1.5.0"
      "@opentelemetry/semantic-conventions" "1.5.0"
  
  "@opentelemetry/sdk-metrics-base@^0.31.0":
    version "0.31.0"
    resolved "https://registry.yarnpkg.com/@opentelemetry/sdk-metrics-base/-/sdk-metrics-base-0.31.0.tgz#f797da702c8d9862a2fff55a1e7c70aa6845e535"
    integrity sha512-4R2Bjl3wlqIGcq4bCoI9/pD49ld+tEoM9n85UfFzr/aUe+2huY2jTPq/BP9SVB8d2Zfg7mGTIFeapcEvAdKK7g==
    dependencies:
      "@opentelemetry/api-metrics" "0.31.0"
      "@opentelemetry/core" "1.5.0"
      "@opentelemetry/resources" "1.5.0"
      lodash.merge "4.6.2"
  
  "@opentelemetry/sdk-metrics@1.15.2":
    version "1.15.2"
    resolved "https://registry.yarnpkg.com/@opentelemetry/sdk-metrics/-/sdk-metrics-1.15.2.tgz#eadd0a049de9cd860e1e0d49eea01156469c4b60"
    integrity sha512-9aIlcX8GnhcsAHW/Wl8bzk4ZnWTpNlLtud+fxUfBtFATu6OZ6TrGrF4JkT9EVrnoxwtPIDtjHdEsSjOqisY/iA==
    dependencies:
      "@opentelemetry/core" "1.15.2"
      "@opentelemetry/resources" "1.15.2"
      lodash.merge "^4.6.2"
  
  "@opentelemetry/semantic-conventions@1.15.2":
    version "1.15.2"
    resolved "https://registry.yarnpkg.com/@opentelemetry/semantic-conventions/-/semantic-conventions-1.15.2.tgz#3bafb5de3e20e841dff6cb3c66f4d6e9694c4241"
    integrity sha512-CjbOKwk2s+3xPIMcd5UNYQzsf+v94RczbdNix9/kQh38WiQkM90sUOi3if8eyHFgiBjBjhwXrA7W3ydiSQP9mw==
  
  "@opentelemetry/semantic-conventions@1.5.0":
    version "1.5.0"
    resolved "https://registry.yarnpkg.com/@opentelemetry/semantic-conventions/-/semantic-conventions-1.5.0.tgz#cea9792bfcf556c87ded17c6ac729348697bb632"
    integrity sha512-wlYG/U6ddW1ilXslnDLLQYJ8nd97W8JJTTfwkGhubx6dzW6SUkd+N4/MzTjjyZlrHQunxHtkHFvVpUKiROvFDw==
  
  lodash.merge@4.6.2, lodash.merge@^4.6.2:
    version "4.6.2"
    resolved "https://registry.yarnpkg.com/lodash.merge/-/lodash.merge-4.6.2.tgz#558aa53b43b661e1925a0afdfa36a9a1085fe57a"
    integrity sha512-0KpjqXRVvrYyCsX1swR/XTK0va6VQkQM6MNo7PqW77ByjAhoARA8EfrP1N4+KlKj8YS0ZUCtRT/YUuhyYDujIQ==
